<?xml version="1.0" encoding="UTF-8"?>
<!-- Generated by org.testng.reporters.JUnitReportReporter -->
<testsuite skipped="0" hostname="APERGHN1UG" name="org.secondpractice.PracticeGroup3" tests="1" failures="0" timestamp="15 Feb 2021 02:19:08 GMT" time="0.001" errors="0">
  <testcase name="tc1222" time="0.001" classname="org.secondpractice.PracticeGroup3"/>
</testsuite> <!-- org.secondpractice.PracticeGroup3 -->
