<?xml version="1.0" encoding="UTF-8"?>
<!-- Generated by org.testng.reporters.JUnitReportReporter -->
<testsuite skipped="0" hostname="APERGHN1UG" name="org.paralleltest.ParallerlTc3" tests="3" failures="0" timestamp="30 Dec 2020 02:54:36 GMT" time="0.030" errors="0">
  <testcase name="tc8" time="0.006" classname="org.paralleltest.ParallerlTc3"/>
  <testcase name="tc7" time="0.024" classname="org.paralleltest.ParallerlTc3"/>
  <testcase name="tc9" time="0.000" classname="org.paralleltest.ParallerlTc3"/>
</testsuite> <!-- org.paralleltest.ParallerlTc3 -->
