<?xml version="1.0" encoding="UTF-8"?>
<!-- Generated by org.testng.reporters.JUnitReportReporter -->
<testsuite skipped="1" hostname="APERGHN1UG" name="org.practice.Sample3" tests="2" failures="0" timestamp="10 Feb 2021 16:23:45 GMT" time="0.001" errors="0">
  <testcase name="tc333" time="0.001" classname="org.practice.Sample3"/>
  <testcase name="tc222" classname="org.practice.Sample3">
    <skipped/>
  </testcase> <!-- tc222 -->
</testsuite> <!-- org.practice.Sample3 -->
