<?xml version="1.0" encoding="UTF-8"?>
<!-- Generated by org.testng.reporters.JUnitReportReporter -->
<testsuite skipped="0" hostname="APERGHN1UG" name="org.practice3.Autorerun" tests="4" failures="0" timestamp="19 Feb 2021 14:19:29 GMT" time="20.344" errors="0">
  <testcase name="tc2" time="2.038" classname="org.practice3.Autorerun"/>
  <testcase name="tc2" time="7.401" classname="org.practice3.Autorerun"/>
  <testcase name="tc2" time="2.796" classname="org.practice3.Autorerun"/>
  <testcase name="tc2" time="8.109" classname="org.practice3.Autorerun"/>
</testsuite> <!-- org.practice3.Autorerun -->
