<?xml version="1.0" encoding="UTF-8"?>
<!-- Generated by org.testng.reporters.JUnitReportReporter -->
<testsuite skipped="0" hostname="APERGHN1UG" name="org.practice3.Practice1" tests="1" failures="0" timestamp="19 Feb 2021 14:13:34 GMT" time="0.027" errors="0">
  <testcase name="tc3" time="0.027" classname="org.practice3.Practice1"/>
</testsuite> <!-- org.practice3.Practice1 -->
