<?xml version="1.0" encoding="UTF-8"?>
<!-- Generated by org.testng.reporters.JUnitReportReporter -->
<testsuite skipped="1" hostname="APERGHN1UG" name="org.testng.Sample3Priority" tests="5" failures="0" timestamp="25 Dec 2020 01:48:32 GMT" time="0.025" errors="0">
  <testcase name="tc4" time="0.014" classname="org.testng.Sample3Priority"/>
  <testcase name="tc5" time="0.005" classname="org.testng.Sample3Priority"/>
  <testcase name="tc1" time="0.004" classname="org.testng.Sample3Priority"/>
  <testcase name="tc2" time="0.002" classname="org.testng.Sample3Priority"/>
  <testcase name="tc3" classname="org.testng.Sample3Priority">
    <skipped/>
  </testcase> <!-- tc3 -->
</testsuite> <!-- org.testng.Sample3Priority -->
