<?xml version="1.0" encoding="UTF-8"?>
<!-- Generated by org.testng.reporters.JUnitReportReporter -->
<testsuite skipped="0" hostname="APERGHN1UG" name="org.secondpractice.PracticeGroup2" tests="1" failures="0" timestamp="15 Feb 2021 02:19:08 GMT" time="0.014" errors="0">
  <testcase name="tc12" time="0.014" classname="org.secondpractice.PracticeGroup2"/>
</testsuite> <!-- org.secondpractice.PracticeGroup2 -->
