<?xml version="1.0" encoding="UTF-8"?>
<!-- Generated by org.testng.reporters.JUnitReportReporter -->
<testsuite skipped="0" hostname="APERGHN1UG" name="org.paralleltest.ParallerlTc2" tests="3" failures="0" timestamp="30 Dec 2020 02:54:36 GMT" time="0.039" errors="0">
  <testcase name="tc6" time="0.015" classname="org.paralleltest.ParallerlTc2"/>
  <testcase name="tc5" time="0.000" classname="org.paralleltest.ParallerlTc2"/>
  <testcase name="tc4" time="0.024" classname="org.paralleltest.ParallerlTc2"/>
</testsuite> <!-- org.paralleltest.ParallerlTc2 -->
