<?xml version="1.0" encoding="UTF-8"?>
<!-- Generated by org.testng.reporters.JUnitReportReporter -->
<testsuite skipped="0" hostname="APERGHN1UG" name="org.failure.Failtestcases" tests="4" failures="0" timestamp="02 Jan 2021 00:21:33 GMT" time="0.029" errors="0">
  <testcase name="tc4" time="0.002" classname="org.failure.Failtestcases"/>
  <testcase name="tc2" time="0.005" classname="org.failure.Failtestcases"/>
  <testcase name="tc1" time="0.019" classname="org.failure.Failtestcases"/>
  <testcase name="tc3" time="0.003" classname="org.failure.Failtestcases"/>
</testsuite> <!-- org.failure.Failtestcases -->
