<?xml version="1.0" encoding="UTF-8"?>
<!-- Generated by org.testng.reporters.JUnitReportReporter -->
<testsuite skipped="1" hostname="APERGHN1UG" name="org.testng.CSuit" tests="2" failures="0" timestamp="12 Jan 2021 11:10:20 GMT" time="0.018" errors="0">
  <testcase name="tc11" time="0.018" classname="org.testng.CSuit"/>
  <testcase name="tc13" classname="org.testng.CSuit">
    <skipped/>
  </testcase> <!-- tc13 -->
</testsuite> <!-- org.testng.CSuit -->
