<?xml version="1.0" encoding="UTF-8"?>
<!-- Generated by org.testng.reporters.JUnitReportReporter -->
<testsuite skipped="0" hostname="APERGHN1UG" name="org.practice.Sample6" tests="4" failures="0" timestamp="11 Feb 2021 01:13:53 GMT" time="0.025" errors="0">
  <testcase name="tc4" time="0.002" classname="org.practice.Sample6"/>
  <testcase name="tc3" time="0.001" classname="org.practice.Sample6"/>
  <testcase name="tc1" time="0.016" classname="org.practice.Sample6"/>
  <testcase name="tc2" time="0.006" classname="org.practice.Sample6"/>
</testsuite> <!-- org.practice.Sample6 -->
