<?xml version="1.0" encoding="UTF-8"?>
<!-- Generated by org.testng.reporters.JUnitReportReporter -->
<testsuite skipped="1" hostname="APERGHN1UG" name="org.testng.BSuit" tests="2" failures="0" timestamp="12 Jan 2021 11:10:20 GMT" time="0.002" errors="0">
  <testcase name="tc9" time="0.002" classname="org.testng.BSuit"/>
  <testcase name="tc8" classname="org.testng.BSuit">
    <skipped/>
  </testcase> <!-- tc8 -->
</testsuite> <!-- org.testng.BSuit -->
