<?xml version="1.0" encoding="UTF-8"?>
<!-- Generated by org.testng.reporters.JUnitReportReporter -->
<testsuite skipped="0" hostname="APERGHN1UG" name="org.secondpractice.Practice2" tests="3" failures="0" timestamp="15 Feb 2021 01:47:25 GMT" time="0.020" errors="0">
  <testcase name="Tc04" time="0.014" classname="org.secondpractice.Practice2"/>
  <testcase name="Tc04" time="0.003" classname="org.secondpractice.Practice2"/>
  <testcase name="Tc04" time="0.003" classname="org.secondpractice.Practice2"/>
</testsuite> <!-- org.secondpractice.Practice2 -->
