<?xml version="1.0" encoding="UTF-8"?>
<!-- Generated by org.testng.reporters.JUnitReportReporter -->
<testsuite skipped="0" hostname="APERGHN1UG" name="org.practice.Sample4" tests="3" failures="0" timestamp="09 Feb 2021 17:43:51 GMT" time="52.418" errors="0">
  <testcase name="TC1" time="19.986" classname="org.practice.Sample4"/>
  <testcase name="TC1" time="8.357" classname="org.practice.Sample4"/>
  <testcase name="TC1" time="24.075" classname="org.practice.Sample4"/>
</testsuite> <!-- org.practice.Sample4 -->
