<?xml version="1.0" encoding="UTF-8"?>
<!-- Generated by org.testng.reporters.JUnitReportReporter -->
<testsuite skipped="0" hostname="APERGHN1UG" name="org.paralleltest.ParallerlTc1" tests="3" failures="0" timestamp="30 Dec 2020 02:54:36 GMT" time="0.038" errors="0">
  <testcase name="tc3" time="0.005" classname="org.paralleltest.ParallerlTc1"/>
  <testcase name="tc2" time="0.017" classname="org.paralleltest.ParallerlTc1"/>
  <testcase name="tc1" time="0.016" classname="org.paralleltest.ParallerlTc1"/>
</testsuite> <!-- org.paralleltest.ParallerlTc1 -->
