<?xml version="1.0" encoding="UTF-8"?>
<!-- Generated by org.testng.reporters.JUnitReportReporter -->
<testsuite skipped="0" hostname="APERGHN1UG" name="org.practice.Sample8" tests="4" failures="0" timestamp="11 Feb 2021 01:13:53 GMT" time="0.008" errors="0">
  <testcase name="tc444" time="0.002" classname="org.practice.Sample8"/>
  <testcase name="tc333" time="0.001" classname="org.practice.Sample8"/>
  <testcase name="tc222" time="0.004" classname="org.practice.Sample8"/>
  <testcase name="tc111" time="0.001" classname="org.practice.Sample8"/>
</testsuite> <!-- org.practice.Sample8 -->
