<?xml version="1.0" encoding="UTF-8"?>
<!-- Generated by org.testng.reporters.JUnitReportReporter -->
<testsuite skipped="1" hostname="APERGHN1UG" name="org.testng.TestNGTC1" tests="8" failures="0" timestamp="25 Dec 2020 01:35:34 GMT" time="11.464" errors="0">
  <testcase name="tc2" time="0.002" classname="org.testng.TestNGTC1"/>
  <testcase name="tc4" time="0.005" classname="org.testng.TestNGTC1"/>
  <testcase name="tc4" time="0.003" classname="org.testng.TestNGTC1"/>
  <testcase name="tc1" time="11.445" classname="org.testng.TestNGTC1"/>
  <testcase name="tc4" time="0.001" classname="org.testng.TestNGTC1"/>
  <testcase name="tc4" time="0.004" classname="org.testng.TestNGTC1"/>
  <testcase name="tc4" time="0.004" classname="org.testng.TestNGTC1"/>
  <testcase name="tc3" classname="org.testng.TestNGTC1">
    <skipped/>
  </testcase> <!-- tc3 -->
</testsuite> <!-- org.testng.TestNGTC1 -->
