<?xml version="1.0" encoding="UTF-8"?>
<!-- Generated by org.testng.reporters.JUnitReportReporter -->
<testsuite skipped="0" hostname="APERGHN1UG" name="org.practice.Sample1" tests="1" failures="0" timestamp="10 Feb 2021 16:23:45 GMT" time="0.016" errors="0">
  <testcase name="tc2" time="0.016" classname="org.practice.Sample1"/>
</testsuite> <!-- org.practice.Sample1 -->
