<?xml version="1.0" encoding="UTF-8"?>
<!-- Generated by org.testng.reporters.JUnitReportReporter -->
<testsuite skipped="0" hostname="APERGHN1UG" name="org.practice.Sample7" tests="4" failures="0" timestamp="11 Feb 2021 01:13:53 GMT" time="0.008" errors="0">
  <testcase name="tc33" time="0.002" classname="org.practice.Sample7"/>
  <testcase name="tc11" time="0.002" classname="org.practice.Sample7"/>
  <testcase name="tc22" time="0.002" classname="org.practice.Sample7"/>
  <testcase name="tc44" time="0.002" classname="org.practice.Sample7"/>
</testsuite> <!-- org.practice.Sample7 -->
