<?xml version="1.0" encoding="UTF-8"?>
<!-- Generated by org.testng.reporters.JUnitReportReporter -->
<testsuite skipped="1" hostname="APERGHN1UG" name="org.testng.ASuite" tests="2" failures="0" timestamp="12 Jan 2021 11:10:20 GMT" time="0.002" errors="0">
  <testcase name="tc4" time="0.002" classname="org.testng.ASuite"/>
  <testcase name="tc3" classname="org.testng.ASuite">
    <skipped/>
  </testcase> <!-- tc3 -->
</testsuite> <!-- org.testng.ASuite -->
